<?xml version="1.0" encoding="UTF-8"?><testrun name="BasicClassTestV2" project="Lab Structure" tests="1" started="1" failures="0" errors="1" ignored="0">
  <testsuite name="my.edu.utar.BasicClassTestV2" time="0.0">
    <testcase name="initializationError" classname="my.edu.utar.BasicClassTestV2" time="0.0">
      <error>java.lang.RuntimeException: Could not invoke method: getDataForTestAddStringsToList defined in class class my.edu.utar.BasicClassTestV2 so no params were used.&#13;
	at junitparams.internal.TestMethod.invokeParamsProvidingMethod(TestMethod.java:257)&#13;
	at junitparams.internal.TestMethod.invokeMethodWithParams(TestMethod.java:210)&#13;
	at junitparams.internal.TestMethod.paramsFromMethod(TestMethod.java:189)&#13;
	at junitparams.internal.TestMethod.parametersSets(TestMethod.java:121)&#13;
	at junitparams.internal.TestMethod.isIgnored(TestMethod.java:81)&#13;
	at junitparams.internal.TestMethod.isNotIgnored(TestMethod.java:88)&#13;
	at junitparams.internal.ParameterisedTestClassRunner.addTestMethodForEachParamSet(ParameterisedTestClassRunner.java:82)&#13;
	at junitparams.internal.ParameterisedTestClassRunner.computeFrameworkMethods(ParameterisedTestClassRunner.java:56)&#13;
	at junitparams.internal.ParameterisedTestClassRunner.&lt;init&gt;(ParameterisedTestClassRunner.java:32)&#13;
	at junitparams.JUnitParamsRunner.&lt;init&gt;(JUnitParamsRunner.java:390)&#13;
	at sun.reflect.NativeConstructorAccessorImpl.newInstance0(Native Method)&#13;
	at sun.reflect.NativeConstructorAccessorImpl.newInstance(Unknown Source)&#13;
	at sun.reflect.DelegatingConstructorAccessorImpl.newInstance(Unknown Source)&#13;
	at java.lang.reflect.Constructor.newInstance(Unknown Source)&#13;
	at org.junit.internal.builders.AnnotatedBuilder.buildRunner(AnnotatedBuilder.java:104)&#13;
	at org.junit.internal.builders.AnnotatedBuilder.runnerForClass(AnnotatedBuilder.java:86)&#13;
	at org.junit.runners.model.RunnerBuilder.safeRunnerForClass(RunnerBuilder.java:59)&#13;
	at org.junit.internal.builders.AllDefaultPossibilitiesBuilder.runnerForClass(AllDefaultPossibilitiesBuilder.java:26)&#13;
	at org.junit.runners.model.RunnerBuilder.safeRunnerForClass(RunnerBuilder.java:59)&#13;
	at org.junit.internal.requests.ClassRequest.getRunner(ClassRequest.java:33)&#13;
	at org.eclipse.jdt.internal.junit4.runner.JUnit4TestLoader.createUnfilteredTest(JUnit4TestLoader.java:84)&#13;
	at org.eclipse.jdt.internal.junit4.runner.JUnit4TestLoader.createTest(JUnit4TestLoader.java:70)&#13;
	at org.eclipse.jdt.internal.junit4.runner.JUnit4TestLoader.loadTests(JUnit4TestLoader.java:43)&#13;
	at org.eclipse.jdt.internal.junit.runner.RemoteTestRunner.runTests(RemoteTestRunner.java:444)&#13;
	at org.eclipse.jdt.internal.junit.runner.RemoteTestRunner.runTests(RemoteTestRunner.java:678)&#13;
	at org.eclipse.jdt.internal.junit.runner.RemoteTestRunner.run(RemoteTestRunner.java:382)&#13;
	at org.eclipse.jdt.internal.junit.runner.RemoteTestRunner.main(RemoteTestRunner.java:192)&#13;
Caused by: java.lang.reflect.InvocationTargetException&#13;
	at sun.reflect.NativeMethodAccessorImpl.invoke0(Native Method)&#13;
	at sun.reflect.NativeMethodAccessorImpl.invoke(Unknown Source)&#13;
	at sun.reflect.DelegatingMethodAccessorImpl.invoke(Unknown Source)&#13;
	at java.lang.reflect.Method.invoke(Unknown Source)&#13;
	at junitparams.internal.TestMethod.invokeParamsProvidingMethod(TestMethod.java:234)&#13;
	... 26 more&#13;
Caused by: java.lang.IndexOutOfBoundsException: Index: 3, Size: 3&#13;
	at java.util.ArrayList.rangeCheck(Unknown Source)&#13;
	at java.util.ArrayList.get(Unknown Source)&#13;
	at my.edu.utar.BasicClassTestV2.getDataForTestAddStringsToList(BasicClassTestV2.java:56)&#13;
	... 31 more&#13;
&#13;
</error>
    </testcase>
  </testsuite>
</testrun>
